000 (459061.000.000) 09/06 01:37:01 Job submitted from host: <10.32.85.31:9618?addrs=10.32.85.31-9618&noUDP&sock=2288_f4c7_3>
...
001 (459061.000.000) 09/06 01:37:35 Job executing on host: <10.32.88.247:9618?addrs=10.32.88.247-9618&noUDP&sock=2119_0946_2675>
...
006 (459061.000.000) 09/06 01:37:43 Image size of job updated: 936
	1  -  MemoryUsage of job (MB)
	724  -  ResidentSetSize of job (KB)
...
006 (459061.000.000) 09/06 01:42:43 Image size of job updated: 198452660
	4796  -  MemoryUsage of job (MB)
	4911068  -  ResidentSetSize of job (KB)
...
006 (459061.000.000) 09/06 01:47:43 Image size of job updated: 321439368
	8137  -  MemoryUsage of job (MB)
	8332216  -  ResidentSetSize of job (KB)
...
006 (459061.000.000) 09/06 01:52:45 Image size of job updated: 321440904
	8137  -  MemoryUsage of job (MB)
	8332216  -  ResidentSetSize of job (KB)
...
006 (459061.000.000) 09/06 01:57:45 Image size of job updated: 321717236
	8137  -  MemoryUsage of job (MB)
	8332216  -  ResidentSetSize of job (KB)
...
006 (459061.000.000) 09/06 02:02:45 Image size of job updated: 321848364
	8137  -  MemoryUsage of job (MB)
	8332216  -  ResidentSetSize of job (KB)
...
006 (459061.000.000) 09/06 02:07:46 Image size of job updated: 321887512
	8137  -  MemoryUsage of job (MB)
	8332216  -  ResidentSetSize of job (KB)
...
006 (459061.000.000) 09/06 02:12:46 Image size of job updated: 321887512
	8759  -  MemoryUsage of job (MB)
	8968272  -  ResidentSetSize of job (KB)
...
004 (459061.000.000) 09/06 02:30:52 Job was evicted.
	(0) Job was not checkpointed.
		Usr 0 02:50:38, Sys 0 00:11:28  -  Run Remote Usage
		Usr 0 00:00:00, Sys 0 00:00:00  -  Run Local Usage
	0  -  Run Bytes Sent By Job
	1225  -  Run Bytes Received By Job
	Partitionable Resources :      Usage  Request Allocated Assigned
	   Cpus                 :      13.11       12        12 
	   Disk (KB)            : 4275452    31457280  31713877 
	   Gpus                 :       0.20        1         1 "CUDA0"
	   Memory (MB)          :    8759       65536     65536 
...
001 (459061.000.000) 09/06 02:33:19 Job executing on host: <10.32.88.231:9618?addrs=10.32.88.231-9618&noUDP&sock=2043_e813_2741>
...
006 (459061.000.000) 09/06 04:43:38 Image size of job updated: 325000000
	9991  -  MemoryUsage of job (MB)
	10230124  -  ResidentSetSize of job (KB)
...
006 (459061.000.000) 09/06 04:48:39 Image size of job updated: 325000000
	10038  -  MemoryUsage of job (MB)
	10278540  -  ResidentSetSize of job (KB)
...
006 (459061.000.000) 09/06 05:18:43 Image size of job updated: 325000000
	10469  -  MemoryUsage of job (MB)
	10720024  -  ResidentSetSize of job (KB)
...
006 (459061.000.000) 09/06 05:48:47 Image size of job updated: 325000000
	10731  -  MemoryUsage of job (MB)
	10987884  -  ResidentSetSize of job (KB)
...
006 (459061.000.000) 09/06 06:13:49 Image size of job updated: 325000000
	10956  -  MemoryUsage of job (MB)
	11218360  -  ResidentSetSize of job (KB)
...
006 (459061.000.000) 09/06 06:43:52 Image size of job updated: 325000000
	11437  -  MemoryUsage of job (MB)
	11710772  -  ResidentSetSize of job (KB)
...
006 (459061.000.000) 09/06 07:13:56 Image size of job updated: 325000000
	11676  -  MemoryUsage of job (MB)
	11956160  -  ResidentSetSize of job (KB)
...
006 (459061.000.000) 09/06 07:44:00 Image size of job updated: 325000000
	11861  -  MemoryUsage of job (MB)
	12145116  -  ResidentSetSize of job (KB)
...
006 (459061.000.000) 09/06 08:14:04 Image size of job updated: 325000000
	12014  -  MemoryUsage of job (MB)
	12301728  -  ResidentSetSize of job (KB)
...
006 (459061.000.000) 09/06 08:44:07 Image size of job updated: 325000000
	12334  -  MemoryUsage of job (MB)
	12629312  -  ResidentSetSize of job (KB)
...
006 (459061.000.000) 09/06 09:14:10 Image size of job updated: 325000000
	12649  -  MemoryUsage of job (MB)
	12952320  -  ResidentSetSize of job (KB)
...
006 (459061.000.000) 09/06 09:44:14 Image size of job updated: 325000000
	13172  -  MemoryUsage of job (MB)
	13487460  -  ResidentSetSize of job (KB)
...
006 (459061.000.000) 09/06 10:09:15 Image size of job updated: 325000000
	13452  -  MemoryUsage of job (MB)
	13773876  -  ResidentSetSize of job (KB)
...
006 (459061.000.000) 09/06 10:39:19 Image size of job updated: 325000000
	13704  -  MemoryUsage of job (MB)
	14032396  -  ResidentSetSize of job (KB)
...
006 (459061.000.000) 09/06 10:44:21 Image size of job updated: 325000000
	13712  -  MemoryUsage of job (MB)
	14040632  -  ResidentSetSize of job (KB)
...
006 (459061.000.000) 09/06 11:09:22 Image size of job updated: 325000000
	13863  -  MemoryUsage of job (MB)
	14195656  -  ResidentSetSize of job (KB)
...
006 (459061.000.000) 09/06 11:14:23 Image size of job updated: 325000000
	13863  -  MemoryUsage of job (MB)
	14195660  -  ResidentSetSize of job (KB)
...
006 (459061.000.000) 09/06 11:39:24 Image size of job updated: 325000000
	13961  -  MemoryUsage of job (MB)
	14295072  -  ResidentSetSize of job (KB)
...
006 (459061.000.000) 09/06 12:09:27 Image size of job updated: 325000000
	14060  -  MemoryUsage of job (MB)
	14396668  -  ResidentSetSize of job (KB)
...
006 (459061.000.000) 09/06 12:39:31 Image size of job updated: 325000000
	14122  -  MemoryUsage of job (MB)
	14459992  -  ResidentSetSize of job (KB)
...
006 (459061.000.000) 09/06 13:09:33 Image size of job updated: 325000000
	14140  -  MemoryUsage of job (MB)
	14478856  -  ResidentSetSize of job (KB)
...
006 (459061.000.000) 09/06 13:39:36 Image size of job updated: 325000000
	14165  -  MemoryUsage of job (MB)
	14504224  -  ResidentSetSize of job (KB)
...
006 (459061.000.000) 09/06 14:09:39 Image size of job updated: 325000000
	14237  -  MemoryUsage of job (MB)
	14578216  -  ResidentSetSize of job (KB)
...
004 (459061.000.000) 09/06 14:22:11 Job was evicted.
	(0) Job was not checkpointed.
		Usr 1 14:40:09, Sys 0 02:21:41  -  Run Remote Usage
		Usr 0 00:00:00, Sys 0 00:00:00  -  Run Local Usage
	0  -  Run Bytes Sent By Job
	1225  -  Run Bytes Received By Job
	Partitionable Resources :      Usage  Request Allocated Assigned
	   Cpus                 :       5.26       12        12 
	   Disk (KB)            : 4500000    31457280  32028286 
	   Gpus                 :       0.20        1         1 "CUDA0"
	   Memory (MB)          :   14237       65536     65536 
...
001 (459061.000.000) 09/06 14:24:51 Job executing on host: <10.32.88.247:9618?addrs=10.32.88.247-9618&noUDP&sock=2119_0946_2698>
...
004 (459061.000.000) 09/07 01:39:33 Job was evicted.
	(0) Job was not checkpointed.
		Usr 1 11:39:20, Sys 0 02:13:44  -  Run Remote Usage
		Usr 0 00:00:00, Sys 0 00:00:00  -  Run Local Usage
	0  -  Run Bytes Sent By Job
	1225  -  Run Bytes Received By Job
	Partitionable Resources :      Usage  Request Allocated Assigned
	   Cpus                 :       1.14       12        12 
	   Disk (KB)            : 4500000    31457280  31717472 
	   Gpus                 :       0.19        1         1 "CUDA0"
	   Memory (MB)          :   14649       65536     65536 
...
001 (459061.000.000) 09/07 01:41:16 Job executing on host: <10.32.89.17:9618?addrs=10.32.89.17-9618&noUDP&sock=2276990_539a_304>
...
005 (459061.000.000) 09/07 04:59:16 Job terminated.
	(1) Normal termination (return value 0)
		Usr 0 10:22:35, Sys 0 00:37:51  -  Run Remote Usage
		Usr 0 00:00:00, Sys 0 00:00:00  -  Run Local Usage
		Usr 3 15:32:42, Sys 0 05:24:44  -  Total Remote Usage
		Usr 0 00:00:00, Sys 0 00:00:00  -  Total Local Usage
	105539  -  Run Bytes Sent By Job
	1225  -  Run Bytes Received By Job
	105539  -  Total Bytes Sent By Job
	4900  -  Total Bytes Received By Job
	Partitionable Resources :      Usage  Request Allocated Assigned
	   Cpus                 :       0.05       12        12 
	   Disk (KB)            : 4500000    31457280  31693748 
	   Gpus                 :       0.18        1         1 "CUDA0"
	   Memory (MB)          :   14649       65536     65536 
...
